<?xml version="1.0" encoding="UTF-8"?>
<testng-results ignored="0" total="1" passed="1" failed="0" skipped="0">
  <reporter-output>
  </reporter-output>
  <suite started-at="2023-08-24T11:16:08 IST" name="Default suite" finished-at="2023-08-24T11:16:34 IST" duration-ms="25248">
    <groups>
    </groups>
    <test started-at="2023-08-24T11:16:08 IST" name="Default test" finished-at="2023-08-24T11:16:34 IST" duration-ms="25248">
      <class name="vTigerFinalScripts.CreateOrganizationTest">
        <test-method is-config="true" signature="classSetup()[pri:0, instance:vTigerFinalScripts.CreateOrganizationTest@31190526]" started-at="2023-08-24T11:16:08 IST" name="classSetup" finished-at="2023-08-24T11:16:11 IST" duration-ms="3049" status="PASS">
          <reporter-output>
          </reporter-output>
        </test-method> <!-- classSetup -->
        <test-method is-config="true" signature="methodSetUp()[pri:0, instance:vTigerFinalScripts.CreateOrganizationTest@31190526]" started-at="2023-08-24T11:16:11 IST" name="methodSetUp" finished-at="2023-08-24T11:16:17 IST" duration-ms="5936" status="PASS">
          <reporter-output>
          </reporter-output>
        </test-method> <!-- methodSetUp -->
        <test-method signature="CreateOrgTest()[pri:0, instance:vTigerFinalScripts.CreateOrganizationTest@31190526]" started-at="2023-08-24T11:16:17 IST" name="CreateOrgTest" finished-at="2023-08-24T11:16:31 IST" duration-ms="13729" status="PASS">
          <reporter-output>
          </reporter-output>
        </test-method> <!-- CreateOrgTest -->
        <test-method is-config="true" signature="methodTearDown()[pri:0, instance:vTigerFinalScripts.CreateOrganizationTest@31190526]" started-at="2023-08-24T11:16:31 IST" name="methodTearDown" finished-at="2023-08-24T11:16:33 IST" duration-ms="2065" status="PASS">
          <reporter-output>
          </reporter-output>
        </test-method> <!-- methodTearDown -->
        <test-method is-config="true" signature="classTearDown()[pri:0, instance:vTigerFinalScripts.CreateOrganizationTest@31190526]" started-at="2023-08-24T11:16:33 IST" name="classTearDown" finished-at="2023-08-24T11:16:34 IST" duration-ms="379" status="PASS">
          <reporter-output>
          </reporter-output>
        </test-method> <!-- classTearDown -->
      </class> <!-- vTigerFinalScripts.CreateOrganizationTest -->
    </test> <!-- Default test -->
  </suite> <!-- Default suite -->
</testng-results>
